app/build/intermediates/manifest_merge_blame_file/debug/manifest-merger-blame-debug-report.txt
1<?xml version="1.0" encoding="utf-8"?>
2<manifest xmlns:android="http://schemas.android.com/apk/res/android"
3    package="com.website.health"
4    android:versionCode="1"
5    android:versionName="1.0.0" >
6
7    <uses-sdk
8        android:minSdkVersion="24"
8-->src/main/AndroidManifest.xml
9        android:targetSdkVersion="30" />
9-->src/main/AndroidManifest.xml
10
11    <uses-permission android:name="android.permission.FOREGROUND_SERVICE" />
11-->src/main/AndroidManifest.xml:6:5-76
11-->src/main/AndroidManifest.xml:6:22-74
12    <uses-permission android:name="android.permission.ACCESS_NETWORK_STATE" />
12-->src/main/AndroidManifest.xml:7:5-79
12-->src/main/AndroidManifest.xml:7:22-76
13    <uses-permission android:name="android.permission.INTERNET" />
13-->src/main/AndroidManifest.xml:8:5-67
13-->src/main/AndroidManifest.xml:8:22-64
14    <uses-permission android:name="android.permission.VIBRATE" />
14-->src/main/AndroidManifest.xml:9:5-66
14-->src/main/AndroidManifest.xml:9:22-63
15    <uses-permission android:name="android.permission.WAKE_LOCK" />
15-->src/main/AndroidManifest.xml:10:5-68
15-->src/main/AndroidManifest.xml:10:22-65
16    <uses-permission android:name="android.permission.RECEIVE_BOOT_COMPLETED" />
16-->[androidx.work:work-runtime:2.6.0-beta01] AndroidManifest.xml:27:5-81
16-->[androidx.work:work-runtime:2.6.0-beta01] AndroidManifest.xml:27:22-78
17
18    <application
18-->src/main/AndroidManifest.xml:12:5-40:19
19        android:allowBackup="true"
19-->src/main/AndroidManifest.xml:13:9-35
20        android:appComponentFactory="androidx.core.app.CoreComponentFactory"
20-->[androidx.core:core:1.5.0] AndroidManifest.xml:24:18-86
21        android:debuggable="true"
22        android:extractNativeLibs="false"
23        android:icon="@drawable/ic_launcher_foreground"
23-->src/main/AndroidManifest.xml:14:9-56
24        android:label="@string/app_name"
24-->src/main/AndroidManifest.xml:15:9-41
25        android:supportsRtl="true"
25-->src/main/AndroidManifest.xml:16:9-35
26        android:testOnly="true"
27        android:theme="@style/AppTheme"
27-->src/main/AndroidManifest.xml:17:9-40
28        android:usesCleartextTraffic="true" >
28-->src/main/AndroidManifest.xml:18:9-44
29        <activity
29-->src/main/AndroidManifest.xml:20:9-22:47
30            android:name="com.website.health.patients.ViewPatientDetailsActivity"
30-->src/main/AndroidManifest.xml:21:13-64
31            android:label="Patient Details" />
31-->src/main/AndroidManifest.xml:22:13-44
32        <activity
32-->src/main/AndroidManifest.xml:23:9-31:20
33            android:name="com.website.health.patients.ViewPatientsActivity"
33-->src/main/AndroidManifest.xml:24:13-58
34            android:label="Patients" >
34-->src/main/AndroidManifest.xml:25:13-37
35            <intent-filter>
35-->src/main/AndroidManifest.xml:26:13-30:29
36                <action android:name="android.intent.action.MAIN" />
36-->src/main/AndroidManifest.xml:27:17-69
36-->src/main/AndroidManifest.xml:27:25-66
37
38                <category android:name="android.intent.category.LAUNCHER" />
38-->src/main/AndroidManifest.xml:29:17-77
38-->src/main/AndroidManifest.xml:29:27-74
39            </intent-filter>
40        </activity>
41        <activity
41-->src/main/AndroidManifest.xml:32:9-34:46
42            android:name="com.website.health.patients.ViewPatientVitalsActivity"
42-->src/main/AndroidManifest.xml:33:13-63
43            android:label="Patient Vitals" />
43-->src/main/AndroidManifest.xml:34:13-43
44        <activity
44-->src/main/AndroidManifest.xml:35:9-38:40
45            android:name="com.website.health.patients.AddPatientActivity"
45-->src/main/AndroidManifest.xml:36:13-56
46            android:label="Add Patient"
46-->src/main/AndroidManifest.xml:37:13-40
47            android:noHistory="true" />
47-->src/main/AndroidManifest.xml:38:13-37
48
49        <provider
49-->[androidx.work:work-runtime:2.6.0-beta01] AndroidManifest.xml:31:9-39:20
50            android:name="androidx.startup.InitializationProvider"
50-->[androidx.work:work-runtime:2.6.0-beta01] AndroidManifest.xml:32:13-67
51            android:authorities="com.website.health.androidx-startup"
51-->[androidx.work:work-runtime:2.6.0-beta01] AndroidManifest.xml:33:13-68
52            android:exported="false" >
52-->[androidx.work:work-runtime:2.6.0-beta01] AndroidManifest.xml:34:13-37
53            <meta-data
53-->[androidx.work:work-runtime:2.6.0-beta01] AndroidManifest.xml:36:13-38:52
54                android:name="androidx.work.WorkManagerInitializer"
54-->[androidx.work:work-runtime:2.6.0-beta01] AndroidManifest.xml:37:17-68
55                android:value="androidx.startup" />
55-->[androidx.work:work-runtime:2.6.0-beta01] AndroidManifest.xml:38:17-49
56        </provider>
57
58        <service
58-->[androidx.work:work-runtime:2.6.0-beta01] AndroidManifest.xml:41:9-46:35
59            android:name="androidx.work.impl.background.systemalarm.SystemAlarmService"
59-->[androidx.work:work-runtime:2.6.0-beta01] AndroidManifest.xml:42:13-88
60            android:directBootAware="false"
60-->[androidx.work:work-runtime:2.6.0-beta01] AndroidManifest.xml:43:13-44
61            android:enabled="@bool/enable_system_alarm_service_default"
61-->[androidx.work:work-runtime:2.6.0-beta01] AndroidManifest.xml:44:13-72
62            android:exported="false" />
62-->[androidx.work:work-runtime:2.6.0-beta01] AndroidManifest.xml:45:13-37
63        <service
63-->[androidx.work:work-runtime:2.6.0-beta01] AndroidManifest.xml:47:9-53:35
64            android:name="androidx.work.impl.background.systemjob.SystemJobService"
64-->[androidx.work:work-runtime:2.6.0-beta01] AndroidManifest.xml:48:13-84
65            android:directBootAware="false"
65-->[androidx.work:work-runtime:2.6.0-beta01] AndroidManifest.xml:49:13-44
66            android:enabled="@bool/enable_system_job_service_default"
66-->[androidx.work:work-runtime:2.6.0-beta01] AndroidManifest.xml:50:13-70
67            android:exported="true"
67-->[androidx.work:work-runtime:2.6.0-beta01] AndroidManifest.xml:51:13-36
68            android:permission="android.permission.BIND_JOB_SERVICE" />
68-->[androidx.work:work-runtime:2.6.0-beta01] AndroidManifest.xml:52:13-69
69        <service
69-->[androidx.work:work-runtime:2.6.0-beta01] AndroidManifest.xml:54:9-59:35
70            android:name="androidx.work.impl.foreground.SystemForegroundService"
70-->[androidx.work:work-runtime:2.6.0-beta01] AndroidManifest.xml:55:13-81
71            android:directBootAware="false"
71-->[androidx.work:work-runtime:2.6.0-beta01] AndroidManifest.xml:56:13-44
72            android:enabled="@bool/enable_system_foreground_service_default"
72-->[androidx.work:work-runtime:2.6.0-beta01] AndroidManifest.xml:57:13-77
73            android:exported="false" />
73-->[androidx.work:work-runtime:2.6.0-beta01] AndroidManifest.xml:58:13-37
74
75        <receiver
75-->[androidx.work:work-runtime:2.6.0-beta01] AndroidManifest.xml:61:9-66:35
76            android:name="androidx.work.impl.utils.ForceStopRunnable$BroadcastReceiver"
76-->[androidx.work:work-runtime:2.6.0-beta01] AndroidManifest.xml:62:13-88
77            android:directBootAware="false"
77-->[androidx.work:work-runtime:2.6.0-beta01] AndroidManifest.xml:63:13-44
78            android:enabled="true"
78-->[androidx.work:work-runtime:2.6.0-beta01] AndroidManifest.xml:64:13-35
79            android:exported="false" />
79-->[androidx.work:work-runtime:2.6.0-beta01] AndroidManifest.xml:65:13-37
80        <receiver
80-->[androidx.work:work-runtime:2.6.0-beta01] AndroidManifest.xml:67:9-77:20
81            android:name="androidx.work.impl.background.systemalarm.ConstraintProxy$BatteryChargingProxy"
81-->[androidx.work:work-runtime:2.6.0-beta01] AndroidManifest.xml:68:13-106
82            android:directBootAware="false"
82-->[androidx.work:work-runtime:2.6.0-beta01] AndroidManifest.xml:69:13-44
83            android:enabled="false"
83-->[androidx.work:work-runtime:2.6.0-beta01] AndroidManifest.xml:70:13-36
84            android:exported="false" >
84-->[androidx.work:work-runtime:2.6.0-beta01] AndroidManifest.xml:71:13-37
85            <intent-filter>
85-->[androidx.work:work-runtime:2.6.0-beta01] AndroidManifest.xml:73:13-76:29
86                <action android:name="android.intent.action.ACTION_POWER_CONNECTED" />
86-->[androidx.work:work-runtime:2.6.0-beta01] AndroidManifest.xml:74:17-87
86-->[androidx.work:work-runtime:2.6.0-beta01] AndroidManifest.xml:74:25-84
87                <action android:name="android.intent.action.ACTION_POWER_DISCONNECTED" />
87-->[androidx.work:work-runtime:2.6.0-beta01] AndroidManifest.xml:75:17-90
87-->[androidx.work:work-runtime:2.6.0-beta01] AndroidManifest.xml:75:25-87
88            </intent-filter>
89        </receiver>
90        <receiver
90-->[androidx.work:work-runtime:2.6.0-beta01] AndroidManifest.xml:78:9-88:20
91            android:name="androidx.work.impl.background.systemalarm.ConstraintProxy$BatteryNotLowProxy"
91-->[androidx.work:work-runtime:2.6.0-beta01] AndroidManifest.xml:79:13-104
92            android:directBootAware="false"
92-->[androidx.work:work-runtime:2.6.0-beta01] AndroidManifest.xml:80:13-44
93            android:enabled="false"
93-->[androidx.work:work-runtime:2.6.0-beta01] AndroidManifest.xml:81:13-36
94            android:exported="false" >
94-->[androidx.work:work-runtime:2.6.0-beta01] AndroidManifest.xml:82:13-37
95            <intent-filter>
95-->[androidx.work:work-runtime:2.6.0-beta01] AndroidManifest.xml:84:13-87:29
96                <action android:name="android.intent.action.BATTERY_OKAY" />
96-->[androidx.work:work-runtime:2.6.0-beta01] AndroidManifest.xml:85:17-77
96-->[androidx.work:work-runtime:2.6.0-beta01] AndroidManifest.xml:85:25-74
97                <action android:name="android.intent.action.BATTERY_LOW" />
97-->[androidx.work:work-runtime:2.6.0-beta01] AndroidManifest.xml:86:17-76
97-->[androidx.work:work-runtime:2.6.0-beta01] AndroidManifest.xml:86:25-73
98            </intent-filter>
99        </receiver>
100        <receiver
100-->[androidx.work:work-runtime:2.6.0-beta01] AndroidManifest.xml:89:9-99:20
101            android:name="androidx.work.impl.background.systemalarm.ConstraintProxy$StorageNotLowProxy"
101-->[androidx.work:work-runtime:2.6.0-beta01] AndroidManifest.xml:90:13-104
102            android:directBootAware="false"
102-->[androidx.work:work-runtime:2.6.0-beta01] AndroidManifest.xml:91:13-44
103            android:enabled="false"
103-->[androidx.work:work-runtime:2.6.0-beta01] AndroidManifest.xml:92:13-36
104            android:exported="false" >
104-->[androidx.work:work-runtime:2.6.0-beta01] AndroidManifest.xml:93:13-37
105            <intent-filter>
105-->[androidx.work:work-runtime:2.6.0-beta01] AndroidManifest.xml:95:13-98:29
106                <action android:name="android.intent.action.DEVICE_STORAGE_LOW" />
106-->[androidx.work:work-runtime:2.6.0-beta01] AndroidManifest.xml:96:17-83
106-->[androidx.work:work-runtime:2.6.0-beta01] AndroidManifest.xml:96:25-80
107                <action android:name="android.intent.action.DEVICE_STORAGE_OK" />
107-->[androidx.work:work-runtime:2.6.0-beta01] AndroidManifest.xml:97:17-82
107-->[androidx.work:work-runtime:2.6.0-beta01] AndroidManifest.xml:97:25-79
108            </intent-filter>
109        </receiver>
110        <receiver
110-->[androidx.work:work-runtime:2.6.0-beta01] AndroidManifest.xml:100:9-109:20
111            android:name="androidx.work.impl.background.systemalarm.ConstraintProxy$NetworkStateProxy"
111-->[androidx.work:work-runtime:2.6.0-beta01] AndroidManifest.xml:101:13-103
112            android:directBootAware="false"
112-->[androidx.work:work-runtime:2.6.0-beta01] AndroidManifest.xml:102:13-44
113            android:enabled="false"
113-->[androidx.work:work-runtime:2.6.0-beta01] AndroidManifest.xml:103:13-36
114            android:exported="false" >
114-->[androidx.work:work-runtime:2.6.0-beta01] AndroidManifest.xml:104:13-37
115            <intent-filter>
115-->[androidx.work:work-runtime:2.6.0-beta01] AndroidManifest.xml:106:13-108:29
116                <action android:name="android.net.conn.CONNECTIVITY_CHANGE" />
116-->[androidx.work:work-runtime:2.6.0-beta01] AndroidManifest.xml:107:17-79
116-->[androidx.work:work-runtime:2.6.0-beta01] AndroidManifest.xml:107:25-76
117            </intent-filter>
118        </receiver>
119        <receiver
119-->[androidx.work:work-runtime:2.6.0-beta01] AndroidManifest.xml:110:9-121:20
120            android:name="androidx.work.impl.background.systemalarm.RescheduleReceiver"
120-->[androidx.work:work-runtime:2.6.0-beta01] AndroidManifest.xml:111:13-88
121            android:directBootAware="false"
121-->[androidx.work:work-runtime:2.6.0-beta01] AndroidManifest.xml:112:13-44
122            android:enabled="false"
122-->[androidx.work:work-runtime:2.6.0-beta01] AndroidManifest.xml:113:13-36
123            android:exported="false" >
123-->[androidx.work:work-runtime:2.6.0-beta01] AndroidManifest.xml:114:13-37
124            <intent-filter>
124-->[androidx.work:work-runtime:2.6.0-beta01] AndroidManifest.xml:116:13-120:29
125                <action android:name="android.intent.action.BOOT_COMPLETED" />
125-->[androidx.work:work-runtime:2.6.0-beta01] AndroidManifest.xml:117:17-79
125-->[androidx.work:work-runtime:2.6.0-beta01] AndroidManifest.xml:117:25-76
126                <action android:name="android.intent.action.TIME_SET" />
126-->[androidx.work:work-runtime:2.6.0-beta01] AndroidManifest.xml:118:17-73
126-->[androidx.work:work-runtime:2.6.0-beta01] AndroidManifest.xml:118:25-70
127                <action android:name="android.intent.action.TIMEZONE_CHANGED" />
127-->[androidx.work:work-runtime:2.6.0-beta01] AndroidManifest.xml:119:17-81
127-->[androidx.work:work-runtime:2.6.0-beta01] AndroidManifest.xml:119:25-78
128            </intent-filter>
129        </receiver>
130        <receiver
130-->[androidx.work:work-runtime:2.6.0-beta01] AndroidManifest.xml:122:9-131:20
131            android:name="androidx.work.impl.background.systemalarm.ConstraintProxyUpdateReceiver"
131-->[androidx.work:work-runtime:2.6.0-beta01] AndroidManifest.xml:123:13-99
132            android:directBootAware="false"
132-->[androidx.work:work-runtime:2.6.0-beta01] AndroidManifest.xml:124:13-44
133            android:enabled="@bool/enable_system_alarm_service_default"
133-->[androidx.work:work-runtime:2.6.0-beta01] AndroidManifest.xml:125:13-72
134            android:exported="false" >
134-->[androidx.work:work-runtime:2.6.0-beta01] AndroidManifest.xml:126:13-37
135            <intent-filter>
135-->[androidx.work:work-runtime:2.6.0-beta01] AndroidManifest.xml:128:13-130:29
136                <action android:name="androidx.work.impl.background.systemalarm.UpdateProxies" />
136-->[androidx.work:work-runtime:2.6.0-beta01] AndroidManifest.xml:129:17-98
136-->[androidx.work:work-runtime:2.6.0-beta01] AndroidManifest.xml:129:25-95
137            </intent-filter>
138        </receiver>
139        <receiver
139-->[androidx.work:work-runtime:2.6.0-beta01] AndroidManifest.xml:132:9-142:20
140            android:name="androidx.work.impl.diagnostics.DiagnosticsReceiver"
140-->[androidx.work:work-runtime:2.6.0-beta01] AndroidManifest.xml:133:13-78
141            android:directBootAware="false"
141-->[androidx.work:work-runtime:2.6.0-beta01] AndroidManifest.xml:134:13-44
142            android:enabled="true"
142-->[androidx.work:work-runtime:2.6.0-beta01] AndroidManifest.xml:135:13-35
143            android:exported="true"
143-->[androidx.work:work-runtime:2.6.0-beta01] AndroidManifest.xml:136:13-36
144            android:permission="android.permission.DUMP" >
144-->[androidx.work:work-runtime:2.6.0-beta01] AndroidManifest.xml:137:13-57
145            <intent-filter>
145-->[androidx.work:work-runtime:2.6.0-beta01] AndroidManifest.xml:139:13-141:29
146                <action android:name="androidx.work.diagnostics.REQUEST_DIAGNOSTICS" />
146-->[androidx.work:work-runtime:2.6.0-beta01] AndroidManifest.xml:140:17-88
146-->[androidx.work:work-runtime:2.6.0-beta01] AndroidManifest.xml:140:25-85
147            </intent-filter>
148        </receiver>
149
150        <provider
150-->[androidx.lifecycle:lifecycle-process:2.2.0] AndroidManifest.xml:25:9-29:43
151            android:name="androidx.lifecycle.ProcessLifecycleOwnerInitializer"
151-->[androidx.lifecycle:lifecycle-process:2.2.0] AndroidManifest.xml:26:13-79
152            android:authorities="com.website.health.lifecycle-process"
152-->[androidx.lifecycle:lifecycle-process:2.2.0] AndroidManifest.xml:27:13-69
153            android:exported="false"
153-->[androidx.lifecycle:lifecycle-process:2.2.0] AndroidManifest.xml:28:13-37
154            android:multiprocess="true" />
154-->[androidx.lifecycle:lifecycle-process:2.2.0] AndroidManifest.xml:29:13-40
155
156        <service
156-->[androidx.room:room-runtime:2.2.5] AndroidManifest.xml:25:9-28:40
157            android:name="androidx.room.MultiInstanceInvalidationService"
157-->[androidx.room:room-runtime:2.2.5] AndroidManifest.xml:26:13-74
158            android:directBootAware="true"
158-->[androidx.room:room-runtime:2.2.5] AndroidManifest.xml:27:13-43
159            android:exported="false" />
159-->[androidx.room:room-runtime:2.2.5] AndroidManifest.xml:28:13-37
160    </application>
161
162</manifest>